<?xml version="1.0" encoding="UTF-8"?>
<!-- Generated by org.testng.reporters.JUnitReportReporter -->
<testsuite hostname="LAPTOP-J2MEAOF0" failures="0" tests="1" name="script.Test1" time="6.965" errors="0" timestamp="2022-09-27T22:46:09 IST" skipped="0">
  <testcase classname="script.Test1" name="testA" time="6.965"/>
  <system-out/>
</testsuite> <!-- script.Test1 -->
