<?xml version="1.0" encoding="UTF-8"?>
<!-- Generated by org.testng.reporters.JUnitReportReporter -->
<testsuite hostname="LAPTOP-J2MEAOF0" failures="0" tests="1" name="script.ValidLogin" time="20.646" errors="0" timestamp="2022-09-28T08:44:42 IST" skipped="0">
  <testcase classname="script.ValidLogin" name="testValidLogin" time="20.646"/>
  <system-out/>
</testsuite> <!-- script.ValidLogin -->
